[34m2025-09-08 09:02:45.316[0;39m [INFO] com.hexaware.carrentalsystems.CarRentalSystemsApplication [main] Starting CarRentalSystemsApplication using Java 21.0.6 with PID 14496 (C:\Users\jancy\OneDrive\Desktop\car-rental-systems\target\classes started by jancy in C:\Users\jancy\OneDrive\Desktop\car-rental-systems)
[34m2025-09-08 09:02:45.345[0;39m [INFO] com.hexaware.carrentalsystems.CarRentalSystemsApplication [main] No active profile set, falling back to 1 default profile: "default"
[34m2025-09-08 09:02:47.733[0;39m [INFO] org.springframework.data.repository.config.RepositoryConfigurationDelegate [main] Bootstrapping Spring Data JPA repositories in DEFAULT mode.
[34m2025-09-08 09:02:47.941[0;39m [INFO] org.springframework.data.repository.config.RepositoryConfigurationDelegate [main] Finished Spring Data repository scanning in 180 ms. Found 5 JPA repository interfaces.
[34m2025-09-08 09:02:49.624[0;39m [INFO] org.springframework.boot.web.embedded.tomcat.TomcatWebServer [main] Tomcat initialized with port 8080 (http)
[34m2025-09-08 09:02:49.671[0;39m [INFO] org.apache.catalina.core.StandardService [main] Starting service [Tomcat]
[34m2025-09-08 09:02:49.672[0;39m [INFO] org.apache.catalina.core.StandardEngine [main] Starting Servlet engine: [Apache Tomcat/10.1.20]
[34m2025-09-08 09:02:49.960[0;39m [INFO] org.apache.catalina.core.ContainerBase.[Tomcat].[localhost].[/] [main] Initializing Spring embedded WebApplicationContext
[34m2025-09-08 09:02:49.961[0;39m [INFO] org.springframework.boot.web.servlet.context.ServletWebServerApplicationContext [main] Root WebApplicationContext: initialization completed in 4468 ms
[34m2025-09-08 09:02:50.335[0;39m [INFO] org.hibernate.jpa.internal.util.LogHelper [main] HHH000204: Processing PersistenceUnitInfo [name: default]
[34m2025-09-08 09:02:50.519[0;39m [INFO] org.hibernate.Version [main] HHH000412: Hibernate ORM core version 6.4.4.Final
[34m2025-09-08 09:02:50.619[0;39m [INFO] org.hibernate.cache.internal.RegionFactoryInitiator [main] HHH000026: Second-level cache disabled
[34m2025-09-08 09:02:51.207[0;39m [INFO] org.springframework.orm.jpa.persistenceunit.SpringPersistenceUnitInfo [main] No LoadTimeWeaver setup: ignoring JPA class transformer
[34m2025-09-08 09:02:51.275[0;39m [INFO] com.zaxxer.hikari.HikariDataSource [main] HikariPool-1 - Starting...
[34m2025-09-08 09:02:52.413[0;39m [INFO] com.zaxxer.hikari.pool.HikariPool [main] HikariPool-1 - Added connection com.mysql.cj.jdbc.ConnectionImpl@66863941
[34m2025-09-08 09:02:52.419[0;39m [INFO] com.zaxxer.hikari.HikariDataSource [main] HikariPool-1 - Start completed.
[34m2025-09-08 09:02:52.611[0;39m [WARN] org.hibernate.orm.deprecation [main] HHH90000025: MySQL8Dialect does not need to be specified explicitly using 'hibernate.dialect' (remove the property setting and it will be selected by default)
[34m2025-09-08 09:02:52.613[0;39m [WARN] org.hibernate.orm.deprecation [main] HHH90000026: MySQL8Dialect has been deprecated; use org.hibernate.dialect.MySQLDialect instead
[34m2025-09-08 09:02:55.509[0;39m [INFO] org.hibernate.engine.transaction.jta.platform.internal.JtaPlatformInitiator [main] HHH000489: No JTA platform available (set 'hibernate.transaction.jta.platform' to enable JTA platform integration)
[34m2025-09-08 09:02:55.890[0;39m [INFO] org.springframework.orm.jpa.LocalContainerEntityManagerFactoryBean [main] Initialized JPA EntityManagerFactory for persistence unit 'default'
[34m2025-09-08 09:02:56.513[0;39m [INFO] org.springframework.data.jpa.repository.query.QueryEnhancerFactory [main] Hibernate is in classpath; If applicable, HQL parser will be used.
[34m2025-09-08 09:02:58.686[0;39m [WARN] org.springframework.boot.autoconfigure.orm.jpa.JpaBaseConfiguration$JpaWebConfiguration [main] spring.jpa.open-in-view is enabled by default. Therefore, database queries may be performed during view rendering. Explicitly configure spring.jpa.open-in-view to disable this warning
[34m2025-09-08 09:03:00.756[0;39m [INFO] org.springframework.security.web.DefaultSecurityFilterChain [main] Will secure any request with [org.springframework.security.web.session.DisableEncodeUrlFilter@6ca95b1e, org.springframework.security.web.context.request.async.WebAsyncManagerIntegrationFilter@7c305624, org.springframework.security.web.context.SecurityContextHolderFilter@376ba8e3, org.springframework.security.web.header.HeaderWriterFilter@5fc4af25, org.springframework.web.filter.CorsFilter@7b4fbedb, org.springframework.security.web.authentication.logout.LogoutFilter@204bd52d, com.hexaware.carrentalsystems.filter.JwtAuthFilter@77107573, org.springframework.security.web.savedrequest.RequestCacheAwareFilter@2c84d6c4, org.springframework.security.web.servletapi.SecurityContextHolderAwareRequestFilter@2a2d0cff, org.springframework.security.web.authentication.AnonymousAuthenticationFilter@73534675, org.springframework.security.web.session.SessionManagementFilter@2692910f, org.springframework.security.web.access.ExceptionTranslationFilter@416dd4d8, org.springframework.security.web.access.intercept.AuthorizationFilter@1540b926]
[34m2025-09-08 09:03:02.404[0;39m [INFO] org.springframework.boot.web.embedded.tomcat.TomcatWebServer [main] Tomcat started on port 8080 (http) with context path ''
[34m2025-09-08 09:03:02.469[0;39m [INFO] com.hexaware.carrentalsystems.CarRentalSystemsApplication [main] Started CarRentalSystemsApplication in 18.356 seconds (process running for 20.383)
[34m2025-09-08 09:03:29.369[0;39m [INFO] org.apache.catalina.core.ContainerBase.[Tomcat].[localhost].[/] [http-nio-8080-exec-1] Initializing Spring DispatcherServlet 'dispatcherServlet'
[34m2025-09-08 09:03:29.370[0;39m [INFO] org.springframework.web.servlet.DispatcherServlet [http-nio-8080-exec-1] Initializing Servlet 'dispatcherServlet'
[34m2025-09-08 09:03:29.371[0;39m [INFO] org.springframework.web.servlet.DispatcherServlet [http-nio-8080-exec-1] Completed initialization in 1 ms
[34m2025-09-08 09:03:29.840[0;39m [INFO] com.hexaware.carrentalsystems.controller.CarRestController [http-nio-8080-exec-2] Fetching all cars
[34m2025-09-08 09:03:29.840[0;39m [INFO] com.hexaware.carrentalsystems.service.CarServiceImp [http-nio-8080-exec-2] Fetching all cars
[34m2025-09-08 09:03:34.096[0;39m [INFO] com.hexaware.carrentalsystems.controller.CarRestController [http-nio-8080-exec-3] Fetching all cars
[34m2025-09-08 09:03:34.096[0;39m [INFO] com.hexaware.carrentalsystems.service.CarServiceImp [http-nio-8080-exec-3] Fetching all cars
[34m2025-09-08 09:04:12.024[0;39m [INFO] com.hexaware.carrentalsystems.controller.UserRestController [http-nio-8080-exec-2] Received request to fetch user by email: jaan@gmail.com
[34m2025-09-08 09:04:12.024[0;39m [INFO] com.hexaware.carrentalsystems.service.UserServiceImp [http-nio-8080-exec-2] Fetching user by email: jaan@gmail.com
[34m2025-09-08 09:04:20.570[0;39m [INFO] com.hexaware.carrentalsystems.controller.AuthController [http-nio-8080-exec-5] Generated Token: eyJhbGciOiJIUzI1NiJ9.eyJzdWIiOiJoYXJwZXJAZ21haWwuY29tIiwiaWF0IjoxNzU3MzAyNDYwLCJleHAiOjE3NTczODg4NjB9.5_XijCfAMRqweFny3M7Ffm2C8cdp3Ei4WJHDgybDCoc
[34m2025-09-08 09:04:20.607[0;39m [INFO] com.hexaware.carrentalsystems.controller.UserRestController [http-nio-8080-exec-7] Received request to fetch user by email: harper@gmail.com
[34m2025-09-08 09:04:20.607[0;39m [INFO] com.hexaware.carrentalsystems.service.UserServiceImp [http-nio-8080-exec-7] Fetching user by email: harper@gmail.com
[34m2025-09-08 09:04:20.640[0;39m [INFO] com.hexaware.carrentalsystems.controller.UserRestController [http-nio-8080-exec-8] Received request to fetch user by email: harper@gmail.com
[34m2025-09-08 09:04:20.640[0;39m [INFO] com.hexaware.carrentalsystems.service.UserServiceImp [http-nio-8080-exec-8] Fetching user by email: harper@gmail.com
[34m2025-09-08 09:04:20.750[0;39m [INFO] com.hexaware.carrentalsystems.controller.CarRestController [http-nio-8080-exec-3] Fetching all cars
[34m2025-09-08 09:04:20.750[0;39m [INFO] com.hexaware.carrentalsystems.service.CarServiceImp [http-nio-8080-exec-3] Fetching all cars
[34m2025-09-08 09:04:20.753[0;39m [INFO] com.hexaware.carrentalsystems.controller.UserRestController [http-nio-8080-exec-4] Received request to fetch all users
[34m2025-09-08 09:04:20.753[0;39m [INFO] com.hexaware.carrentalsystems.service.UserServiceImp [http-nio-8080-exec-4] Fetching all users
[34m2025-09-08 09:04:20.753[0;39m [INFO] com.hexaware.carrentalsystems.controller.PaymentRestController [http-nio-8080-exec-6] Received request to fetch all payments
[34m2025-09-08 09:04:20.753[0;39m [INFO] com.hexaware.carrentalsystems.service.PaymentServiceImp [http-nio-8080-exec-6] Fetching all payments
[34m2025-09-08 09:04:20.757[0;39m [INFO] com.hexaware.carrentalsystems.controller.ReservationRestController [http-nio-8080-exec-5] Received request to fetch all reservations
[34m2025-09-08 09:04:20.757[0;39m [INFO] com.hexaware.carrentalsystems.service.ReservationServiceImp [http-nio-8080-exec-5] Fetching all reservations
[34m2025-09-08 09:04:23.368[0;39m [INFO] com.hexaware.carrentalsystems.controller.UserRestController [http-nio-8080-exec-7] Received request to fetch user by email: harper@gmail.com
[34m2025-09-08 09:04:23.372[0;39m [INFO] com.hexaware.carrentalsystems.service.UserServiceImp [http-nio-8080-exec-7] Fetching user by email: harper@gmail.com
[34m2025-09-08 09:04:26.214[0;39m [INFO] com.hexaware.carrentalsystems.controller.UserRestController [http-nio-8080-exec-9] Received request to fetch all users
[34m2025-09-08 09:04:26.214[0;39m [INFO] com.hexaware.carrentalsystems.service.UserServiceImp [http-nio-8080-exec-9] Fetching all users
[34m2025-09-08 09:04:26.214[0;39m [INFO] com.hexaware.carrentalsystems.controller.CarRestController [http-nio-8080-exec-7] Fetching all cars
[34m2025-09-08 09:04:26.214[0;39m [INFO] com.hexaware.carrentalsystems.service.CarServiceImp [http-nio-8080-exec-7] Fetching all cars
[34m2025-09-08 09:04:26.216[0;39m [INFO] com.hexaware.carrentalsystems.controller.PaymentRestController [http-nio-8080-exec-1] Received request to fetch all payments
[34m2025-09-08 09:04:26.216[0;39m [INFO] com.hexaware.carrentalsystems.service.PaymentServiceImp [http-nio-8080-exec-1] Fetching all payments
[34m2025-09-08 09:04:26.218[0;39m [INFO] com.hexaware.carrentalsystems.controller.ReservationRestController [http-nio-8080-exec-5] Received request to fetch all reservations
[34m2025-09-08 09:04:26.218[0;39m [INFO] com.hexaware.carrentalsystems.service.ReservationServiceImp [http-nio-8080-exec-5] Fetching all reservations
[34m2025-09-08 09:06:15.316[0;39m [INFO] com.hexaware.carrentalsystems.controller.CarRestController [http-nio-8080-exec-3] Received request to add new car: CarDto(carId=9, brand=Toyota, model=Camry, pricePerDay=2200.0, availability=AVAILABLE)
[34m2025-09-08 09:06:15.325[0;39m [INFO] com.hexaware.carrentalsystems.service.CarServiceImp [http-nio-8080-exec-3] Adding new car: CarDto(carId=9, brand=Toyota, model=Camry, pricePerDay=2200.0, availability=AVAILABLE)
[34m2025-09-08 09:06:15.574[0;39m [INFO] com.hexaware.carrentalsystems.controller.UserRestController [http-nio-8080-exec-6] Received request to fetch all users
[34m2025-09-08 09:06:15.574[0;39m [INFO] com.hexaware.carrentalsystems.controller.CarRestController [http-nio-8080-exec-10] Fetching all cars
[34m2025-09-08 09:06:15.574[0;39m [INFO] com.hexaware.carrentalsystems.service.UserServiceImp [http-nio-8080-exec-6] Fetching all users
[34m2025-09-08 09:06:15.574[0;39m [INFO] com.hexaware.carrentalsystems.service.CarServiceImp [http-nio-8080-exec-10] Fetching all cars
[34m2025-09-08 09:06:15.577[0;39m [INFO] com.hexaware.carrentalsystems.controller.PaymentRestController [http-nio-8080-exec-8] Received request to fetch all payments
[34m2025-09-08 09:06:15.577[0;39m [INFO] com.hexaware.carrentalsystems.service.PaymentServiceImp [http-nio-8080-exec-8] Fetching all payments
[34m2025-09-08 09:06:15.581[0;39m [INFO] com.hexaware.carrentalsystems.controller.ReservationRestController [http-nio-8080-exec-2] Received request to fetch all reservations
[34m2025-09-08 09:06:15.581[0;39m [INFO] com.hexaware.carrentalsystems.service.ReservationServiceImp [http-nio-8080-exec-2] Fetching all reservations
[34m2025-09-08 09:06:41.238[0;39m [INFO] com.hexaware.carrentalsystems.controller.CarRestController [http-nio-8080-exec-3] Received request to add new car: CarDto(carId=10, brand=Honda, model=Civic, pricePerDay=1900.0, availability=AVAILABLE)
[34m2025-09-08 09:06:41.239[0;39m [INFO] com.hexaware.carrentalsystems.service.CarServiceImp [http-nio-8080-exec-3] Adding new car: CarDto(carId=10, brand=Honda, model=Civic, pricePerDay=1900.0, availability=AVAILABLE)
[34m2025-09-08 09:06:41.290[0;39m [INFO] com.hexaware.carrentalsystems.controller.CarRestController [http-nio-8080-exec-2] Fetching all cars
[34m2025-09-08 09:06:41.290[0;39m [INFO] com.hexaware.carrentalsystems.service.CarServiceImp [http-nio-8080-exec-2] Fetching all cars
[34m2025-09-08 09:06:41.292[0;39m [INFO] com.hexaware.carrentalsystems.controller.PaymentRestController [http-nio-8080-exec-6] Received request to fetch all payments
[34m2025-09-08 09:06:41.292[0;39m [INFO] com.hexaware.carrentalsystems.controller.ReservationRestController [http-nio-8080-exec-10] Received request to fetch all reservations
[34m2025-09-08 09:06:41.293[0;39m [INFO] com.hexaware.carrentalsystems.service.ReservationServiceImp [http-nio-8080-exec-10] Fetching all reservations
[34m2025-09-08 09:06:41.293[0;39m [INFO] com.hexaware.carrentalsystems.service.PaymentServiceImp [http-nio-8080-exec-6] Fetching all payments
[34m2025-09-08 09:06:41.301[0;39m [INFO] com.hexaware.carrentalsystems.controller.UserRestController [http-nio-8080-exec-8] Received request to fetch all users
[34m2025-09-08 09:06:41.302[0;39m [INFO] com.hexaware.carrentalsystems.service.UserServiceImp [http-nio-8080-exec-8] Fetching all users
[34m2025-09-08 09:07:10.352[0;39m [WARN] org.springframework.web.servlet.mvc.support.DefaultHandlerExceptionResolver [http-nio-8080-exec-3] Resolved [org.springframework.web.bind.MethodArgumentNotValidException: Validation failed for argument [0] in public com.hexaware.carrentalsystems.entities.Car com.hexaware.carrentalsystems.controller.CarRestController.addCar(com.hexaware.carrentalsystems.dto.CarDto): [Field error in object 'carDto' on field 'model': rejected value [F-150]; codes [Pattern.carDto.model,Pattern.model,Pattern.java.lang.String,Pattern]; arguments [org.springframework.context.support.DefaultMessageSourceResolvable: codes [carDto.model,model]; arguments []; default message [model],[Ljakarta.validation.constraints.Pattern$Flag;@1f449248,[A-Z][a-z]{2,30}]; default message [must match "[A-Z][a-z]{2,30}"]] ]
[34m2025-09-08 09:08:04.226[0;39m [INFO] com.hexaware.carrentalsystems.controller.CarRestController [http-nio-8080-exec-6] Received request to add new car: CarDto(carId=11, brand=Hyundai, model=Creta, pricePerDay=2400.0, availability=AVAILABLE)
[34m2025-09-08 09:08:04.227[0;39m [INFO] com.hexaware.carrentalsystems.service.CarServiceImp [http-nio-8080-exec-6] Adding new car: CarDto(carId=11, brand=Hyundai, model=Creta, pricePerDay=2400.0, availability=AVAILABLE)
[34m2025-09-08 09:08:04.279[0;39m [INFO] com.hexaware.carrentalsystems.controller.UserRestController [http-nio-8080-exec-5] Received request to fetch all users
[34m2025-09-08 09:08:04.279[0;39m [INFO] com.hexaware.carrentalsystems.controller.CarRestController [http-nio-8080-exec-3] Fetching all cars
[34m2025-09-08 09:08:04.279[0;39m [INFO] com.hexaware.carrentalsystems.service.UserServiceImp [http-nio-8080-exec-5] Fetching all users
[34m2025-09-08 09:08:04.279[0;39m [INFO] com.hexaware.carrentalsystems.service.CarServiceImp [http-nio-8080-exec-3] Fetching all cars
[34m2025-09-08 09:08:04.284[0;39m [INFO] com.hexaware.carrentalsystems.controller.PaymentRestController [http-nio-8080-exec-1] Received request to fetch all payments
[34m2025-09-08 09:08:04.284[0;39m [INFO] com.hexaware.carrentalsystems.service.PaymentServiceImp [http-nio-8080-exec-1] Fetching all payments
[34m2025-09-08 09:08:04.286[0;39m [INFO] com.hexaware.carrentalsystems.controller.ReservationRestController [http-nio-8080-exec-7] Received request to fetch all reservations
[34m2025-09-08 09:08:04.288[0;39m [INFO] com.hexaware.carrentalsystems.service.ReservationServiceImp [http-nio-8080-exec-7] Fetching all reservations
[34m2025-09-08 09:08:17.699[0;39m [INFO] com.hexaware.carrentalsystems.controller.AuthController [http-nio-8080-exec-6] Generated Token: eyJhbGciOiJIUzI1NiJ9.eyJzdWIiOiJqYWFuQGdtYWlsLmNvbSIsImlhdCI6MTc1NzMwMjY5NywiZXhwIjoxNzU3Mzg5MDk3fQ.mzH3SbyHXC3j109PO_qc6hO0xHTwwW7Y6icV4jGNeiU
[34m2025-09-08 09:08:17.720[0;39m [INFO] com.hexaware.carrentalsystems.controller.UserRestController [http-nio-8080-exec-8] Received request to fetch user by email: jaan@gmail.com
[34m2025-09-08 09:08:17.720[0;39m [INFO] com.hexaware.carrentalsystems.service.UserServiceImp [http-nio-8080-exec-8] Fetching user by email: jaan@gmail.com
[34m2025-09-08 09:08:17.749[0;39m [INFO] com.hexaware.carrentalsystems.controller.UserRestController [http-nio-8080-exec-2] Received request to fetch user by email: jaan@gmail.com
[34m2025-09-08 09:08:17.749[0;39m [INFO] com.hexaware.carrentalsystems.service.UserServiceImp [http-nio-8080-exec-2] Fetching user by email: jaan@gmail.com
[34m2025-09-08 09:08:20.950[0;39m [INFO] com.hexaware.carrentalsystems.controller.CarRestController [http-nio-8080-exec-1] Fetching all cars
[34m2025-09-08 09:08:20.950[0;39m [INFO] com.hexaware.carrentalsystems.service.CarServiceImp [http-nio-8080-exec-1] Fetching all cars
[34m2025-09-08 09:11:54.905[0;39m [INFO] com.hexaware.carrentalsystems.controller.AuthController [http-nio-8080-exec-10] Generated Token: eyJhbGciOiJIUzI1NiJ9.eyJzdWIiOiJqYWFuQGdtYWlsLmNvbSIsImlhdCI6MTc1NzMwMjkxNCwiZXhwIjoxNzU3Mzg5MzE0fQ.fZKLAk3wE-osdPla2zf0jfCJmSYK-NxFiWdlYc41CEw
[34m2025-09-08 09:11:54.927[0;39m [INFO] com.hexaware.carrentalsystems.controller.UserRestController [http-nio-8080-exec-2] Received request to fetch user by email: jaan@gmail.com
[34m2025-09-08 09:11:54.929[0;39m [INFO] com.hexaware.carrentalsystems.service.UserServiceImp [http-nio-8080-exec-2] Fetching user by email: jaan@gmail.com
[34m2025-09-08 09:11:54.953[0;39m [INFO] com.hexaware.carrentalsystems.controller.UserRestController [http-nio-8080-exec-4] Received request to fetch user by email: jaan@gmail.com
[34m2025-09-08 09:11:54.953[0;39m [INFO] com.hexaware.carrentalsystems.service.UserServiceImp [http-nio-8080-exec-4] Fetching user by email: jaan@gmail.com
[34m2025-09-08 09:19:14.962[0;39m [INFO] com.hexaware.carrentalsystems.controller.UserRestController [http-nio-8080-exec-7] Received request to fetch user by email: jaan@gmail.com
[34m2025-09-08 09:19:14.962[0;39m [INFO] com.hexaware.carrentalsystems.service.UserServiceImp [http-nio-8080-exec-7] Fetching user by email: jaan@gmail.com
[34m2025-09-08 09:27:58.009[0;39m [INFO] com.hexaware.carrentalsystems.controller.CarRestController [http-nio-8080-exec-6] Fetching all cars
[34m2025-09-08 09:27:58.011[0;39m [INFO] com.hexaware.carrentalsystems.service.CarServiceImp [http-nio-8080-exec-6] Fetching all cars
[34m2025-09-08 09:28:02.183[0;39m [INFO] com.hexaware.carrentalsystems.controller.CarRestController [http-nio-8080-exec-10] Fetching all cars
[34m2025-09-08 09:28:02.186[0;39m [INFO] com.hexaware.carrentalsystems.service.CarServiceImp [http-nio-8080-exec-10] Fetching all cars
[34m2025-09-08 09:28:07.687[0;39m [INFO] com.hexaware.carrentalsystems.controller.CarRestController [http-nio-8080-exec-2] Fetching all cars
[34m2025-09-08 09:28:07.689[0;39m [INFO] com.hexaware.carrentalsystems.service.CarServiceImp [http-nio-8080-exec-2] Fetching all cars
[34m2025-09-08 09:28:34.919[0;39m [INFO] com.hexaware.carrentalsystems.controller.ReservationRestController [http-nio-8080-exec-1] Received request to add reservation: ReservationDto(reservationId=2, userId=1, carId=11, carModel=null, pickupDate=2025-09-10, dropoffDate=2025-09-12, totalAmount=4800.0, status=ACTIVE)
[34m2025-09-08 09:28:34.963[0;39m [INFO] com.hexaware.carrentalsystems.service.ReservationServiceImp [http-nio-8080-exec-1] Adding new reservation: ReservationDto(reservationId=2, userId=1, carId=11, carModel=null, pickupDate=2025-09-10, dropoffDate=2025-09-12, totalAmount=4800.0, status=ACTIVE)
[34m2025-09-08 09:28:46.819[0;39m [INFO] com.hexaware.carrentalsystems.controller.PaymentRestController [http-nio-8080-exec-7] Received request to add payment: PaymentDto(paymentId=2, reservationId=2, amount=4800.0, method=CARD, status=SUCCESS)
[34m2025-09-08 09:28:46.839[0;39m [INFO] com.hexaware.carrentalsystems.service.PaymentServiceImp [http-nio-8080-exec-7] Adding new payment: PaymentDto(paymentId=2, reservationId=2, amount=4800.0, method=CARD, status=SUCCESS)
[34m2025-09-08 09:28:57.226[0;39m [INFO] com.hexaware.carrentalsystems.controller.FeedbackRestController [http-nio-8080-exec-10] Received request to fetch all feedback
[34m2025-09-08 09:28:57.226[0;39m [INFO] com.hexaware.carrentalsystems.service.FeedbackServiceImp [http-nio-8080-exec-10] Fetching all feedback records
[34m2025-09-08 09:29:00.232[0;39m [INFO] com.hexaware.carrentalsystems.controller.UserRestController [http-nio-8080-exec-2] Received request to fetch user by email: jaan@gmail.com
[34m2025-09-08 09:29:00.233[0;39m [INFO] com.hexaware.carrentalsystems.service.UserServiceImp [http-nio-8080-exec-2] Fetching user by email: jaan@gmail.com
[34m2025-09-08 09:29:07.449[0;39m [INFO] com.hexaware.carrentalsystems.controller.AuthController [http-nio-8080-exec-5] Generated Token: eyJhbGciOiJIUzI1NiJ9.eyJzdWIiOiJqYWFuQGdtYWlsLmNvbSIsImlhdCI6MTc1NzMwMzk0NywiZXhwIjoxNzU3MzkwMzQ3fQ.GJGP9uJE0xwMx26c6sHsBBk75eZZQdKIHrdyQ9RfDVU
[34m2025-09-08 09:29:07.479[0;39m [INFO] com.hexaware.carrentalsystems.controller.UserRestController [http-nio-8080-exec-3] Received request to fetch user by email: jaan@gmail.com
[34m2025-09-08 09:29:07.479[0;39m [INFO] com.hexaware.carrentalsystems.service.UserServiceImp [http-nio-8080-exec-3] Fetching user by email: jaan@gmail.com
[34m2025-09-08 09:29:07.521[0;39m [INFO] com.hexaware.carrentalsystems.controller.UserRestController [http-nio-8080-exec-9] Received request to fetch user by email: jaan@gmail.com
[34m2025-09-08 09:29:07.521[0;39m [INFO] com.hexaware.carrentalsystems.service.UserServiceImp [http-nio-8080-exec-9] Fetching user by email: jaan@gmail.com
[34m2025-09-08 09:29:25.435[0;39m [INFO] com.hexaware.carrentalsystems.controller.CarRestController [http-nio-8080-exec-10] Fetching all cars
[34m2025-09-08 09:29:25.435[0;39m [INFO] com.hexaware.carrentalsystems.service.CarServiceImp [http-nio-8080-exec-10] Fetching all cars
[34m2025-09-08 09:29:27.990[0;39m [INFO] com.hexaware.carrentalsystems.controller.CarRestController [http-nio-8080-exec-2] Fetching all cars
[34m2025-09-08 09:29:27.991[0;39m [INFO] com.hexaware.carrentalsystems.service.CarServiceImp [http-nio-8080-exec-2] Fetching all cars
[34m2025-09-08 09:29:36.882[0;39m [INFO] com.hexaware.carrentalsystems.controller.CarRestController [http-nio-8080-exec-1] Fetching cars by brand: Mahindra
[34m2025-09-08 09:29:36.882[0;39m [INFO] com.hexaware.carrentalsystems.service.CarServiceImp [http-nio-8080-exec-1] Fetching cars by brand: Mahindra
[34m2025-09-08 09:29:45.368[0;39m [INFO] com.hexaware.carrentalsystems.controller.CarRestController [http-nio-8080-exec-3] Fetching all cars
[34m2025-09-08 09:29:45.369[0;39m [INFO] com.hexaware.carrentalsystems.service.CarServiceImp [http-nio-8080-exec-3] Fetching all cars
[34m2025-09-08 09:29:48.809[0;39m [INFO] com.hexaware.carrentalsystems.controller.CarRestController [http-nio-8080-exec-6] Fetching all cars
[34m2025-09-08 09:29:48.810[0;39m [INFO] com.hexaware.carrentalsystems.service.CarServiceImp [http-nio-8080-exec-6] Fetching all cars
[34m2025-09-08 09:30:08.911[0;39m [INFO] com.hexaware.carrentalsystems.controller.ReservationRestController [http-nio-8080-exec-8] Received request to add reservation: ReservationDto(reservationId=3, userId=1, carId=8, carModel=null, pickupDate=2025-09-10, dropoffDate=2025-09-12, totalAmount=4000.0, status=ACTIVE)
[34m2025-09-08 09:30:08.911[0;39m [INFO] com.hexaware.carrentalsystems.service.ReservationServiceImp [http-nio-8080-exec-8] Adding new reservation: ReservationDto(reservationId=3, userId=1, carId=8, carModel=null, pickupDate=2025-09-10, dropoffDate=2025-09-12, totalAmount=4000.0, status=ACTIVE)
[34m2025-09-08 09:30:18.031[0;39m [INFO] com.hexaware.carrentalsystems.controller.PaymentRestController [http-nio-8080-exec-4] Received request to add payment: PaymentDto(paymentId=3, reservationId=3, amount=4000.0, method=CARD, status=SUCCESS)
[34m2025-09-08 09:30:18.031[0;39m [INFO] com.hexaware.carrentalsystems.service.PaymentServiceImp [http-nio-8080-exec-4] Adding new payment: PaymentDto(paymentId=3, reservationId=3, amount=4000.0, method=CARD, status=SUCCESS)
[34m2025-09-08 09:30:34.067[0;39m [INFO] com.hexaware.carrentalsystems.controller.UserRestController [http-nio-8080-exec-8] Received request to fetch user by email: jaan@gmail.com
[34m2025-09-08 09:30:34.068[0;39m [INFO] com.hexaware.carrentalsystems.service.UserServiceImp [http-nio-8080-exec-8] Fetching user by email: jaan@gmail.com
[34m2025-09-08 09:30:49.364[0;39m [INFO] com.hexaware.carrentalsystems.controller.AuthController [http-nio-8080-exec-4] Generated Token: eyJhbGciOiJIUzI1NiJ9.eyJzdWIiOiJqYWFuQGdtYWlsLmNvbSIsImlhdCI6MTc1NzMwNDA0OSwiZXhwIjoxNzU3MzkwNDQ5fQ.LykfAgDN73rbJi8EdgDbFr17v9lWQEZkcHtoaXaJHo4
[34m2025-09-08 09:30:49.395[0;39m [INFO] com.hexaware.carrentalsystems.controller.UserRestController [http-nio-8080-exec-5] Received request to fetch user by email: jaan@gmail.com
[34m2025-09-08 09:30:49.396[0;39m [INFO] com.hexaware.carrentalsystems.service.UserServiceImp [http-nio-8080-exec-5] Fetching user by email: jaan@gmail.com
[34m2025-09-08 09:30:49.429[0;39m [INFO] com.hexaware.carrentalsystems.controller.UserRestController [http-nio-8080-exec-7] Received request to fetch user by email: jaan@gmail.com
[34m2025-09-08 09:30:49.430[0;39m [INFO] com.hexaware.carrentalsystems.service.UserServiceImp [http-nio-8080-exec-7] Fetching user by email: jaan@gmail.com
[34m2025-09-08 09:52:27.591[0;39m [INFO] com.hexaware.carrentalsystems.controller.UserRestController [http-nio-8080-exec-6] Received request to fetch user by email: jaan@gmail.com
[34m2025-09-08 09:52:27.600[0;39m [INFO] com.hexaware.carrentalsystems.service.UserServiceImp [http-nio-8080-exec-6] Fetching user by email: jaan@gmail.com
[34m2025-09-08 09:58:15.391[0;39m [INFO] com.hexaware.carrentalsystems.controller.CarRestController [http-nio-8080-exec-5] Fetching all cars
[34m2025-09-08 09:58:15.393[0;39m [INFO] com.hexaware.carrentalsystems.service.CarServiceImp [http-nio-8080-exec-5] Fetching all cars
[34m2025-09-08 09:59:06.823[0;39m [INFO] com.hexaware.carrentalsystems.controller.CarRestController [http-nio-8080-exec-9] Fetching all cars
[34m2025-09-08 09:59:06.823[0;39m [INFO] com.hexaware.carrentalsystems.service.CarServiceImp [http-nio-8080-exec-9] Fetching all cars
[34m2025-09-08 09:59:15.131[0;39m [INFO] com.hexaware.carrentalsystems.controller.UserRestController [http-nio-8080-exec-8] Received request to fetch user by email: jaan@gmail.com
[34m2025-09-08 09:59:15.132[0;39m [INFO] com.hexaware.carrentalsystems.service.UserServiceImp [http-nio-8080-exec-8] Fetching user by email: jaan@gmail.com
[34m2025-09-08 09:59:26.603[0;39m [INFO] com.hexaware.carrentalsystems.controller.CarRestController [http-nio-8080-exec-1] Fetching all cars
[34m2025-09-08 09:59:26.605[0;39m [INFO] com.hexaware.carrentalsystems.service.CarServiceImp [http-nio-8080-exec-1] Fetching all cars
[34m2025-09-08 09:59:51.659[0;39m [INFO] com.hexaware.carrentalsystems.controller.ReservationRestController [http-nio-8080-exec-3] Received request to add reservation: ReservationDto(reservationId=4, userId=1, carId=9, carModel=null, pickupDate=2025-09-11, dropoffDate=2025-09-12, totalAmount=2200.0, status=ACTIVE)
[34m2025-09-08 09:59:51.659[0;39m [INFO] com.hexaware.carrentalsystems.service.ReservationServiceImp [http-nio-8080-exec-3] Adding new reservation: ReservationDto(reservationId=4, userId=1, carId=9, carModel=null, pickupDate=2025-09-11, dropoffDate=2025-09-12, totalAmount=2200.0, status=ACTIVE)
[34m2025-09-08 10:00:03.757[0;39m [INFO] com.hexaware.carrentalsystems.controller.PaymentRestController [http-nio-8080-exec-10] Received request to add payment: PaymentDto(paymentId=4, reservationId=4, amount=2200.0, method=CARD, status=SUCCESS)
[34m2025-09-08 10:00:03.757[0;39m [INFO] com.hexaware.carrentalsystems.service.PaymentServiceImp [http-nio-8080-exec-10] Adding new payment: PaymentDto(paymentId=4, reservationId=4, amount=2200.0, method=CARD, status=SUCCESS)
[34m2025-09-08 10:00:10.814[0;39m [INFO] com.hexaware.carrentalsystems.controller.CarRestController [http-nio-8080-exec-4] Fetching all cars
[34m2025-09-08 10:00:10.815[0;39m [INFO] com.hexaware.carrentalsystems.service.CarServiceImp [http-nio-8080-exec-4] Fetching all cars
[34m2025-09-08 10:00:22.555[0;39m [INFO] com.hexaware.carrentalsystems.controller.CarRestController [http-nio-8080-exec-2] Fetching all cars
[34m2025-09-08 10:00:22.556[0;39m [INFO] com.hexaware.carrentalsystems.service.CarServiceImp [http-nio-8080-exec-2] Fetching all cars
[34m2025-09-08 10:00:41.982[0;39m [INFO] com.hexaware.carrentalsystems.controller.AuthController [http-nio-8080-exec-5] Generated Token: eyJhbGciOiJIUzI1NiJ9.eyJzdWIiOiJqYWFuQGdtYWlsLmNvbSIsImlhdCI6MTc1NzMwNTg0MSwiZXhwIjoxNzU3MzkyMjQxfQ.SR3nbeUH7txvv9gGChWqctQeMCzd0FeRtBnP9_w8954
[34m2025-09-08 10:00:42.011[0;39m [INFO] com.hexaware.carrentalsystems.controller.UserRestController [http-nio-8080-exec-3] Received request to fetch user by email: jaan@gmail.com
[34m2025-09-08 10:00:42.011[0;39m [INFO] com.hexaware.carrentalsystems.service.UserServiceImp [http-nio-8080-exec-3] Fetching user by email: jaan@gmail.com
[34m2025-09-08 10:00:42.042[0;39m [INFO] com.hexaware.carrentalsystems.controller.UserRestController [http-nio-8080-exec-9] Received request to fetch user by email: jaan@gmail.com
[34m2025-09-08 10:00:42.042[0;39m [INFO] com.hexaware.carrentalsystems.service.UserServiceImp [http-nio-8080-exec-9] Fetching user by email: jaan@gmail.com
[34m2025-09-08 10:00:43.516[0;39m [INFO] com.hexaware.carrentalsystems.controller.CarRestController [http-nio-8080-exec-10] Fetching all cars
[34m2025-09-08 10:00:43.516[0;39m [INFO] com.hexaware.carrentalsystems.service.CarServiceImp [http-nio-8080-exec-10] Fetching all cars
[34m2025-09-08 10:15:30.529[0;39m [WARN] org.springframework.web.servlet.mvc.support.DefaultHandlerExceptionResolver [http-nio-8080-exec-9] Resolved [org.springframework.web.method.annotation.MethodArgumentTypeMismatchException: Failed to convert value of type 'java.lang.String' to required type 'int'; For input string: "undefined"]
[34m2025-09-08 10:15:30.556[0;39m [WARN] org.springframework.web.servlet.mvc.support.DefaultHandlerExceptionResolver [http-nio-8080-exec-6] Resolved [org.springframework.web.method.annotation.MethodArgumentTypeMismatchException: Failed to convert value of type 'java.lang.String' to required type 'int'; For input string: "undefined"]
[34m2025-09-08 10:15:30.571[0;39m [WARN] org.springframework.web.servlet.mvc.support.DefaultHandlerExceptionResolver [http-nio-8080-exec-10] Resolved [org.springframework.web.method.annotation.MethodArgumentTypeMismatchException: Failed to convert value of type 'java.lang.String' to required type 'int'; For input string: "undefined"]
[34m2025-09-08 10:15:30.588[0;39m [WARN] org.springframework.web.servlet.mvc.support.DefaultHandlerExceptionResolver [http-nio-8080-exec-8] Resolved [org.springframework.web.method.annotation.MethodArgumentTypeMismatchException: Failed to convert value of type 'java.lang.String' to required type 'int'; For input string: "undefined"]
[34m2025-09-08 10:17:08.060[0;39m [WARN] org.springframework.web.servlet.mvc.support.DefaultHandlerExceptionResolver [http-nio-8080-exec-4] Resolved [org.springframework.web.method.annotation.MethodArgumentTypeMismatchException: Failed to convert value of type 'java.lang.String' to required type 'int'; For input string: "undefined"]
[34m2025-09-08 10:17:08.079[0;39m [WARN] org.springframework.web.servlet.mvc.support.DefaultHandlerExceptionResolver [http-nio-8080-exec-5] Resolved [org.springframework.web.method.annotation.MethodArgumentTypeMismatchException: Failed to convert value of type 'java.lang.String' to required type 'int'; For input string: "undefined"]
[34m2025-09-08 10:17:08.096[0;39m [WARN] org.springframework.web.servlet.mvc.support.DefaultHandlerExceptionResolver [http-nio-8080-exec-2] Resolved [org.springframework.web.method.annotation.MethodArgumentTypeMismatchException: Failed to convert value of type 'java.lang.String' to required type 'int'; For input string: "undefined"]
[34m2025-09-08 10:17:08.109[0;39m [WARN] org.springframework.web.servlet.mvc.support.DefaultHandlerExceptionResolver [http-nio-8080-exec-1] Resolved [org.springframework.web.method.annotation.MethodArgumentTypeMismatchException: Failed to convert value of type 'java.lang.String' to required type 'int'; For input string: "undefined"]
[34m2025-09-08 10:17:11.872[0;39m [WARN] org.springframework.web.servlet.mvc.support.DefaultHandlerExceptionResolver [http-nio-8080-exec-7] Resolved [org.springframework.web.method.annotation.MethodArgumentTypeMismatchException: Failed to convert value of type 'java.lang.String' to required type 'int'; For input string: "undefined"]
[34m2025-09-08 10:17:11.886[0;39m [WARN] org.springframework.web.servlet.mvc.support.DefaultHandlerExceptionResolver [http-nio-8080-exec-9] Resolved [org.springframework.web.method.annotation.MethodArgumentTypeMismatchException: Failed to convert value of type 'java.lang.String' to required type 'int'; For input string: "undefined"]
[34m2025-09-08 10:17:11.898[0;39m [WARN] org.springframework.web.servlet.mvc.support.DefaultHandlerExceptionResolver [http-nio-8080-exec-6] Resolved [org.springframework.web.method.annotation.MethodArgumentTypeMismatchException: Failed to convert value of type 'java.lang.String' to required type 'int'; For input string: "undefined"]
[34m2025-09-08 10:17:11.911[0;39m [WARN] org.springframework.web.servlet.mvc.support.DefaultHandlerExceptionResolver [http-nio-8080-exec-10] Resolved [org.springframework.web.method.annotation.MethodArgumentTypeMismatchException: Failed to convert value of type 'java.lang.String' to required type 'int'; For input string: "undefined"]
[34m2025-09-08 10:21:53.120[0;39m [INFO] com.hexaware.carrentalsystems.controller.CarRestController [http-nio-8080-exec-8] Fetching all cars
[34m2025-09-08 10:21:53.120[0;39m [INFO] com.hexaware.carrentalsystems.service.CarServiceImp [http-nio-8080-exec-8] Fetching all cars
[34m2025-09-08 10:22:01.916[0;39m [INFO] com.hexaware.carrentalsystems.controller.CarRestController [http-nio-8080-exec-4] Fetching all cars
[34m2025-09-08 10:22:01.916[0;39m [INFO] com.hexaware.carrentalsystems.service.CarServiceImp [http-nio-8080-exec-4] Fetching all cars
[34m2025-09-08 10:59:10.567[0;39m [INFO] com.hexaware.carrentalsystems.controller.CarRestController [http-nio-8080-exec-4] Fetching all cars
[34m2025-09-08 10:59:10.571[0;39m [INFO] com.hexaware.carrentalsystems.service.CarServiceImp [http-nio-8080-exec-4] Fetching all cars
[34m2025-09-08 10:59:11.565[0;39m [INFO] com.hexaware.carrentalsystems.controller.CarRestController [http-nio-8080-exec-2] Fetching all cars
[34m2025-09-08 10:59:11.565[0;39m [INFO] com.hexaware.carrentalsystems.service.CarServiceImp [http-nio-8080-exec-2] Fetching all cars
[34m2025-09-08 10:59:17.201[0;39m [INFO] com.hexaware.carrentalsystems.controller.CarRestController [http-nio-8080-exec-3] Fetching all cars
[34m2025-09-08 10:59:17.202[0;39m [INFO] com.hexaware.carrentalsystems.service.CarServiceImp [http-nio-8080-exec-3] Fetching all cars
[34m2025-09-08 11:10:44.412[0;39m [INFO] org.springframework.boot.admin.SpringApplicationAdminMXBeanRegistrar$SpringApplicationAdmin [RMI TCP Connection(131)-127.0.0.1] Application shutdown requested.
[34m2025-09-08 11:10:44.539[0;39m [INFO] org.springframework.orm.jpa.LocalContainerEntityManagerFactoryBean [RMI TCP Connection(131)-127.0.0.1] Closing JPA EntityManagerFactory for persistence unit 'default'
[34m2025-09-08 11:10:44.566[0;39m [INFO] com.zaxxer.hikari.HikariDataSource [RMI TCP Connection(131)-127.0.0.1] HikariPool-1 - Shutdown initiated...
[34m2025-09-08 11:10:44.578[0;39m [INFO] com.zaxxer.hikari.HikariDataSource [RMI TCP Connection(131)-127.0.0.1] HikariPool-1 - Shutdown completed.
[34m2025-09-08 11:46:01.255[0;39m [INFO] com.hexaware.carrentalsystems.CarRentalSystemsApplication [main] Starting CarRentalSystemsApplication using Java 21.0.6 with PID 20212 (C:\Users\jancy\OneDrive\Desktop\car-rental-systems\target\classes started by jancy in C:\Users\jancy\OneDrive\Desktop\car-rental-systems)
[34m2025-09-08 11:46:01.258[0;39m [INFO] com.hexaware.carrentalsystems.CarRentalSystemsApplication [main] No active profile set, falling back to 1 default profile: "default"
[34m2025-09-08 11:46:03.727[0;39m [INFO] org.springframework.data.repository.config.RepositoryConfigurationDelegate [main] Bootstrapping Spring Data JPA repositories in DEFAULT mode.
[34m2025-09-08 11:46:03.879[0;39m [INFO] org.springframework.data.repository.config.RepositoryConfigurationDelegate [main] Finished Spring Data repository scanning in 133 ms. Found 5 JPA repository interfaces.
[34m2025-09-08 11:46:04.997[0;39m [INFO] org.springframework.boot.web.embedded.tomcat.TomcatWebServer [main] Tomcat initialized with port 8080 (http)
[34m2025-09-08 11:46:05.026[0;39m [INFO] org.apache.catalina.core.StandardService [main] Starting service [Tomcat]
[34m2025-09-08 11:46:05.027[0;39m [INFO] org.apache.catalina.core.StandardEngine [main] Starting Servlet engine: [Apache Tomcat/10.1.20]
[34m2025-09-08 11:46:05.139[0;39m [INFO] org.apache.catalina.core.ContainerBase.[Tomcat].[localhost].[/] [main] Initializing Spring embedded WebApplicationContext
[34m2025-09-08 11:46:05.139[0;39m [INFO] org.springframework.boot.web.servlet.context.ServletWebServerApplicationContext [main] Root WebApplicationContext: initialization completed in 3780 ms
[34m2025-09-08 11:46:05.394[0;39m [INFO] org.hibernate.jpa.internal.util.LogHelper [main] HHH000204: Processing PersistenceUnitInfo [name: default]
[34m2025-09-08 11:46:05.539[0;39m [INFO] org.hibernate.Version [main] HHH000412: Hibernate ORM core version 6.4.4.Final
[34m2025-09-08 11:46:05.653[0;39m [INFO] org.hibernate.cache.internal.RegionFactoryInitiator [main] HHH000026: Second-level cache disabled
[34m2025-09-08 11:46:06.087[0;39m [INFO] org.springframework.orm.jpa.persistenceunit.SpringPersistenceUnitInfo [main] No LoadTimeWeaver setup: ignoring JPA class transformer
[34m2025-09-08 11:46:06.146[0;39m [INFO] com.zaxxer.hikari.HikariDataSource [main] HikariPool-1 - Starting...
[34m2025-09-08 11:46:07.486[0;39m [INFO] com.zaxxer.hikari.pool.HikariPool [main] HikariPool-1 - Added connection com.mysql.cj.jdbc.ConnectionImpl@76dc36e5
[34m2025-09-08 11:46:07.496[0;39m [INFO] com.zaxxer.hikari.HikariDataSource [main] HikariPool-1 - Start completed.
[34m2025-09-08 11:46:07.816[0;39m [WARN] org.hibernate.orm.deprecation [main] HHH90000025: MySQL8Dialect does not need to be specified explicitly using 'hibernate.dialect' (remove the property setting and it will be selected by default)
[34m2025-09-08 11:46:07.820[0;39m [WARN] org.hibernate.orm.deprecation [main] HHH90000026: MySQL8Dialect has been deprecated; use org.hibernate.dialect.MySQLDialect instead
[34m2025-09-08 11:46:12.182[0;39m [INFO] org.hibernate.engine.transaction.jta.platform.internal.JtaPlatformInitiator [main] HHH000489: No JTA platform available (set 'hibernate.transaction.jta.platform' to enable JTA platform integration)
[34m2025-09-08 11:46:12.532[0;39m [INFO] org.springframework.orm.jpa.LocalContainerEntityManagerFactoryBean [main] Initialized JPA EntityManagerFactory for persistence unit 'default'
[34m2025-09-08 11:46:13.609[0;39m [INFO] org.springframework.data.jpa.repository.query.QueryEnhancerFactory [main] Hibernate is in classpath; If applicable, HQL parser will be used.
[34m2025-09-08 11:46:15.625[0;39m [WARN] org.springframework.boot.autoconfigure.orm.jpa.JpaBaseConfiguration$JpaWebConfiguration [main] spring.jpa.open-in-view is enabled by default. Therefore, database queries may be performed during view rendering. Explicitly configure spring.jpa.open-in-view to disable this warning
[34m2025-09-08 11:46:16.454[0;39m [INFO] org.springframework.security.web.DefaultSecurityFilterChain [main] Will secure any request with [org.springframework.security.web.session.DisableEncodeUrlFilter@47ba8e3c, org.springframework.security.web.context.request.async.WebAsyncManagerIntegrationFilter@1638fa8b, org.springframework.security.web.context.SecurityContextHolderFilter@7f2163d3, org.springframework.security.web.header.HeaderWriterFilter@b1fccca, org.springframework.web.filter.CorsFilter@1b60c196, org.springframework.security.web.authentication.logout.LogoutFilter@6fad6743, com.hexaware.carrentalsystems.filter.JwtAuthFilter@712adc04, org.springframework.security.web.savedrequest.RequestCacheAwareFilter@57404a8d, org.springframework.security.web.servletapi.SecurityContextHolderAwareRequestFilter@337f6716, org.springframework.security.web.authentication.AnonymousAuthenticationFilter@1c7aa676, org.springframework.security.web.session.SessionManagementFilter@2763500e, org.springframework.security.web.access.ExceptionTranslationFilter@33684b87, org.springframework.security.web.access.intercept.AuthorizationFilter@1768c77f]
[34m2025-09-08 11:46:17.335[0;39m [INFO] org.springframework.boot.web.embedded.tomcat.TomcatWebServer [main] Tomcat started on port 8080 (http) with context path ''
[34m2025-09-08 11:46:17.358[0;39m [INFO] com.hexaware.carrentalsystems.CarRentalSystemsApplication [main] Started CarRentalSystemsApplication in 16.992 seconds (process running for 18.904)
[34m2025-09-08 11:46:37.013[0;39m [INFO] org.apache.catalina.core.ContainerBase.[Tomcat].[localhost].[/] [http-nio-8080-exec-2] Initializing Spring DispatcherServlet 'dispatcherServlet'
[34m2025-09-08 11:46:37.014[0;39m [INFO] org.springframework.web.servlet.DispatcherServlet [http-nio-8080-exec-2] Initializing Servlet 'dispatcherServlet'
[34m2025-09-08 11:46:37.019[0;39m [INFO] org.springframework.web.servlet.DispatcherServlet [http-nio-8080-exec-2] Completed initialization in 5 ms
[34m2025-09-08 11:46:38.364[0;39m [INFO] com.hexaware.carrentalsystems.controller.CarRestController [http-nio-8080-exec-1] Fetching all cars
[34m2025-09-08 11:46:38.365[0;39m [INFO] com.hexaware.carrentalsystems.service.CarServiceImp [http-nio-8080-exec-1] Fetching all cars
[34m2025-09-08 11:46:46.781[0;39m [INFO] com.hexaware.carrentalsystems.controller.CarRestController [http-nio-8080-exec-4] Fetching all cars
[34m2025-09-08 11:46:46.783[0;39m [INFO] com.hexaware.carrentalsystems.service.CarServiceImp [http-nio-8080-exec-4] Fetching all cars
[34m2025-09-08 12:24:27.047[0;39m [INFO] com.hexaware.carrentalsystems.controller.CarRestController [http-nio-8080-exec-10] Fetching all cars
[34m2025-09-08 12:24:27.064[0;39m [INFO] com.hexaware.carrentalsystems.service.CarServiceImp [http-nio-8080-exec-10] Fetching all cars
[34m2025-09-08 12:27:22.893[0;39m [INFO] com.hexaware.carrentalsystems.controller.CarRestController [http-nio-8080-exec-2] Fetching all cars
[34m2025-09-08 12:27:22.895[0;39m [INFO] com.hexaware.carrentalsystems.service.CarServiceImp [http-nio-8080-exec-2] Fetching all cars
[34m2025-09-08 12:32:38.723[0;39m [INFO] com.hexaware.carrentalsystems.controller.CarRestController [http-nio-8080-exec-4] Fetching all cars
[34m2025-09-08 12:32:38.728[0;39m [INFO] com.hexaware.carrentalsystems.service.CarServiceImp [http-nio-8080-exec-4] Fetching all cars
[34m2025-09-08 12:32:48.179[0;39m [INFO] com.hexaware.carrentalsystems.controller.UserRestController [http-nio-8080-exec-7] Received request to fetch user by email: jaan@gmail.com
[34m2025-09-08 12:32:48.181[0;39m [INFO] com.hexaware.carrentalsystems.service.UserServiceImp [http-nio-8080-exec-7] Fetching user by email: jaan@gmail.com
[34m2025-09-08 12:35:03.785[0;39m [INFO] com.hexaware.carrentalsystems.controller.CarRestController [http-nio-8080-exec-1] Fetching all cars
[34m2025-09-08 12:35:03.790[0;39m [INFO] com.hexaware.carrentalsystems.service.CarServiceImp [http-nio-8080-exec-1] Fetching all cars
[34m2025-09-08 13:11:07.946[0;39m [INFO] com.hexaware.carrentalsystems.controller.UserRestController [http-nio-8080-exec-5] Received request to fetch user by email: jaan@gmail.com
[34m2025-09-08 13:11:07.956[0;39m [INFO] com.hexaware.carrentalsystems.service.UserServiceImp [http-nio-8080-exec-5] Fetching user by email: jaan@gmail.com
[34m2025-09-08 13:24:25.631[0;39m [INFO] org.springframework.boot.admin.SpringApplicationAdminMXBeanRegistrar$SpringApplicationAdmin [RMI TCP Connection(102)-127.0.0.1] Application shutdown requested.
[34m2025-09-08 13:24:25.771[0;39m [INFO] org.springframework.orm.jpa.LocalContainerEntityManagerFactoryBean [RMI TCP Connection(102)-127.0.0.1] Closing JPA EntityManagerFactory for persistence unit 'default'
[34m2025-09-08 13:24:25.816[0;39m [INFO] com.zaxxer.hikari.HikariDataSource [RMI TCP Connection(102)-127.0.0.1] HikariPool-1 - Shutdown initiated...
[34m2025-09-08 13:24:25.828[0;39m [INFO] com.zaxxer.hikari.HikariDataSource [RMI TCP Connection(102)-127.0.0.1] HikariPool-1 - Shutdown completed.
[34m2025-09-08 14:52:05.931[0;39m [INFO] com.hexaware.carrentalsystems.CarRentalSystemsApplication [main] Starting CarRentalSystemsApplication using Java 21.0.6 with PID 23936 (C:\Users\jancy\OneDrive\Desktop\car-rental-systems\target\classes started by jancy in C:\Users\jancy\OneDrive\Desktop\car-rental-systems)
[34m2025-09-08 14:52:05.935[0;39m [INFO] com.hexaware.carrentalsystems.CarRentalSystemsApplication [main] No active profile set, falling back to 1 default profile: "default"
[34m2025-09-08 14:52:08.908[0;39m [INFO] org.springframework.data.repository.config.RepositoryConfigurationDelegate [main] Bootstrapping Spring Data JPA repositories in DEFAULT mode.
[34m2025-09-08 14:52:09.111[0;39m [INFO] org.springframework.data.repository.config.RepositoryConfigurationDelegate [main] Finished Spring Data repository scanning in 173 ms. Found 5 JPA repository interfaces.
[34m2025-09-08 14:52:11.321[0;39m [INFO] org.springframework.boot.web.embedded.tomcat.TomcatWebServer [main] Tomcat initialized with port 8080 (http)
[34m2025-09-08 14:52:11.373[0;39m [INFO] org.apache.catalina.core.StandardService [main] Starting service [Tomcat]
[34m2025-09-08 14:52:11.375[0;39m [INFO] org.apache.catalina.core.StandardEngine [main] Starting Servlet engine: [Apache Tomcat/10.1.20]
[34m2025-09-08 14:52:11.683[0;39m [INFO] org.apache.catalina.core.ContainerBase.[Tomcat].[localhost].[/] [main] Initializing Spring embedded WebApplicationContext
[34m2025-09-08 14:52:11.684[0;39m [INFO] org.springframework.boot.web.servlet.context.ServletWebServerApplicationContext [main] Root WebApplicationContext: initialization completed in 5628 ms
[34m2025-09-08 14:52:12.393[0;39m [INFO] org.hibernate.jpa.internal.util.LogHelper [main] HHH000204: Processing PersistenceUnitInfo [name: default]
[34m2025-09-08 14:52:12.694[0;39m [INFO] org.hibernate.Version [main] HHH000412: Hibernate ORM core version 6.4.4.Final
[34m2025-09-08 14:52:12.930[0;39m [INFO] org.hibernate.cache.internal.RegionFactoryInitiator [main] HHH000026: Second-level cache disabled
[34m2025-09-08 14:52:14.167[0;39m [INFO] org.springframework.orm.jpa.persistenceunit.SpringPersistenceUnitInfo [main] No LoadTimeWeaver setup: ignoring JPA class transformer
[34m2025-09-08 14:52:14.299[0;39m [INFO] com.zaxxer.hikari.HikariDataSource [main] HikariPool-1 - Starting...
[34m2025-09-08 14:52:16.030[0;39m [INFO] com.zaxxer.hikari.pool.HikariPool [main] HikariPool-1 - Added connection com.mysql.cj.jdbc.ConnectionImpl@bb50de6
[34m2025-09-08 14:52:16.038[0;39m [INFO] com.zaxxer.hikari.HikariDataSource [main] HikariPool-1 - Start completed.
[34m2025-09-08 14:52:16.336[0;39m [WARN] org.hibernate.orm.deprecation [main] HHH90000025: MySQL8Dialect does not need to be specified explicitly using 'hibernate.dialect' (remove the property setting and it will be selected by default)
[34m2025-09-08 14:52:16.343[0;39m [WARN] org.hibernate.orm.deprecation [main] HHH90000026: MySQL8Dialect has been deprecated; use org.hibernate.dialect.MySQLDialect instead
[34m2025-09-08 14:52:21.475[0;39m [INFO] org.hibernate.engine.transaction.jta.platform.internal.JtaPlatformInitiator [main] HHH000489: No JTA platform available (set 'hibernate.transaction.jta.platform' to enable JTA platform integration)
[34m2025-09-08 14:52:21.965[0;39m [INFO] org.springframework.orm.jpa.LocalContainerEntityManagerFactoryBean [main] Initialized JPA EntityManagerFactory for persistence unit 'default'
[34m2025-09-08 14:52:23.359[0;39m [INFO] org.springframework.data.jpa.repository.query.QueryEnhancerFactory [main] Hibernate is in classpath; If applicable, HQL parser will be used.
[34m2025-09-08 14:52:27.210[0;39m [WARN] org.springframework.boot.autoconfigure.orm.jpa.JpaBaseConfiguration$JpaWebConfiguration [main] spring.jpa.open-in-view is enabled by default. Therefore, database queries may be performed during view rendering. Explicitly configure spring.jpa.open-in-view to disable this warning
[34m2025-09-08 14:52:28.947[0;39m [INFO] org.springframework.security.web.DefaultSecurityFilterChain [main] Will secure any request with [org.springframework.security.web.session.DisableEncodeUrlFilter@7e34570, org.springframework.security.web.context.request.async.WebAsyncManagerIntegrationFilter@274010fe, org.springframework.security.web.context.SecurityContextHolderFilter@7a12cb2c, org.springframework.security.web.header.HeaderWriterFilter@337f6716, org.springframework.web.filter.CorsFilter@975f349, org.springframework.security.web.authentication.logout.LogoutFilter@1b60c196, com.hexaware.carrentalsystems.filter.JwtAuthFilter@20bc6f4d, org.springframework.security.web.savedrequest.RequestCacheAwareFilter@5cfcb55c, org.springframework.security.web.servletapi.SecurityContextHolderAwareRequestFilter@416dd4d8, org.springframework.security.web.authentication.AnonymousAuthenticationFilter@3d1ecf3b, org.springframework.security.web.session.SessionManagementFilter@4485ca30, org.springframework.security.web.access.ExceptionTranslationFilter@427faf19, org.springframework.security.web.access.intercept.AuthorizationFilter@13b666b4]
[34m2025-09-08 14:52:30.796[0;39m [INFO] org.springframework.boot.web.embedded.tomcat.TomcatWebServer [main] Tomcat started on port 8080 (http) with context path ''
[34m2025-09-08 14:52:30.834[0;39m [INFO] com.hexaware.carrentalsystems.CarRentalSystemsApplication [main] Started CarRentalSystemsApplication in 26.325 seconds (process running for 28.891)
[34m2025-09-08 14:52:40.642[0;39m [INFO] org.apache.catalina.core.ContainerBase.[Tomcat].[localhost].[/] [http-nio-8080-exec-1] Initializing Spring DispatcherServlet 'dispatcherServlet'
[34m2025-09-08 14:52:40.644[0;39m [INFO] org.springframework.web.servlet.DispatcherServlet [http-nio-8080-exec-1] Initializing Servlet 'dispatcherServlet'
[34m2025-09-08 14:52:40.650[0;39m [INFO] org.springframework.web.servlet.DispatcherServlet [http-nio-8080-exec-1] Completed initialization in 5 ms
[34m2025-09-08 14:52:41.904[0;39m [INFO] com.hexaware.carrentalsystems.controller.CarRestController [http-nio-8080-exec-2] Fetching all cars
[34m2025-09-08 14:52:41.905[0;39m [INFO] com.hexaware.carrentalsystems.service.CarServiceImp [http-nio-8080-exec-2] Fetching all cars
[34m2025-09-08 14:52:46.643[0;39m [INFO] com.hexaware.carrentalsystems.controller.CarRestController [http-nio-8080-exec-4] Fetching all cars
[34m2025-09-08 14:52:46.643[0;39m [INFO] com.hexaware.carrentalsystems.service.CarServiceImp [http-nio-8080-exec-4] Fetching all cars
[34m2025-09-08 15:21:12.315[0;39m [INFO] com.hexaware.carrentalsystems.controller.CarRestController [http-nio-8080-exec-7] Fetching all cars
[34m2025-09-08 15:21:12.319[0;39m [INFO] com.hexaware.carrentalsystems.service.CarServiceImp [http-nio-8080-exec-7] Fetching all cars
[34m2025-09-08 15:35:46.955[0;39m [INFO] com.hexaware.carrentalsystems.controller.UserRestController [http-nio-8080-exec-10] Received request to fetch user by email: jaan@gmail.com
[34m2025-09-08 15:35:46.957[0;39m [INFO] com.hexaware.carrentalsystems.service.UserServiceImp [http-nio-8080-exec-10] Fetching user by email: jaan@gmail.com
[34m2025-09-08 15:35:55.396[0;39m [INFO] com.hexaware.carrentalsystems.controller.CarRestController [http-nio-8080-exec-2] Fetching all cars
[34m2025-09-08 15:35:55.396[0;39m [INFO] com.hexaware.carrentalsystems.service.CarServiceImp [http-nio-8080-exec-2] Fetching all cars
[34m2025-09-08 15:36:13.782[0;39m [INFO] com.hexaware.carrentalsystems.controller.ReservationRestController [http-nio-8080-exec-4] Received request to add reservation: ReservationDto(reservationId=5, userId=1, carId=5, carModel=null, pickupDate=2025-09-11, dropoffDate=2025-09-12, totalAmount=1800.0, status=ACTIVE)
[34m2025-09-08 15:36:13.792[0;39m [INFO] com.hexaware.carrentalsystems.service.ReservationServiceImp [http-nio-8080-exec-4] Adding new reservation: ReservationDto(reservationId=5, userId=1, carId=5, carModel=null, pickupDate=2025-09-11, dropoffDate=2025-09-12, totalAmount=1800.0, status=ACTIVE)
[34m2025-09-08 15:36:31.750[0;39m [INFO] com.hexaware.carrentalsystems.controller.PaymentRestController [http-nio-8080-exec-6] Received request to add payment: PaymentDto(paymentId=5, reservationId=1, amount=1800.0, method=CARD, status=SUCCESS)
[34m2025-09-08 15:36:31.756[0;39m [INFO] com.hexaware.carrentalsystems.service.PaymentServiceImp [http-nio-8080-exec-6] Adding new payment: PaymentDto(paymentId=5, reservationId=1, amount=1800.0, method=CARD, status=SUCCESS)
[34m2025-09-08 15:36:31.870[0;39m [WARN] org.hibernate.engine.jdbc.spi.SqlExceptionHelper [http-nio-8080-exec-6] SQL Error: 1062, SQLState: 23000
[34m2025-09-08 15:36:31.871[0;39m [ERROR] org.hibernate.engine.jdbc.spi.SqlExceptionHelper [http-nio-8080-exec-6] Duplicate entry '1' for key 'payments.UK_e7qdxh4fch1yfisduker8j6w2'
[34m2025-09-08 15:36:31.896[0;39m [ERROR] org.apache.catalina.core.ContainerBase.[Tomcat].[localhost].[/].[dispatcherServlet] [http-nio-8080-exec-6] Servlet.service() for servlet [dispatcherServlet] in context with path [] threw exception [Request processing failed: org.springframework.dao.DataIntegrityViolationException: could not execute statement [Duplicate entry '1' for key 'payments.UK_e7qdxh4fch1yfisduker8j6w2'] [insert into payments (amount,method,reservation_id,status,payment_id) values (?,?,?,?,?)]; SQL [insert into payments (amount,method,reservation_id,status,payment_id) values (?,?,?,?,?)]; constraint [payments.UK_e7qdxh4fch1yfisduker8j6w2]] with root cause
java.sql.SQLIntegrityConstraintViolationException: Duplicate entry '1' for key 'payments.UK_e7qdxh4fch1yfisduker8j6w2'
	at com.mysql.cj.jdbc.exceptions.SQLError.createSQLException(SQLError.java:118)
	at com.mysql.cj.jdbc.exceptions.SQLExceptionsMapping.translateException(SQLExceptionsMapping.java:122)
	at com.mysql.cj.jdbc.ClientPreparedStatement.executeInternal(ClientPreparedStatement.java:912)
	at com.mysql.cj.jdbc.ClientPreparedStatement.executeUpdateInternal(ClientPreparedStatement.java:1054)
	at com.mysql.cj.jdbc.ClientPreparedStatement.executeUpdateInternal(ClientPreparedStatement.java:1003)
	at com.mysql.cj.jdbc.ClientPreparedStatement.executeLargeUpdate(ClientPreparedStatement.java:1312)
	at com.mysql.cj.jdbc.ClientPreparedStatement.executeUpdate(ClientPreparedStatement.java:988)
	at com.zaxxer.hikari.pool.ProxyPreparedStatement.executeUpdate(ProxyPreparedStatement.java:61)
	at com.zaxxer.hikari.pool.HikariProxyPreparedStatement.executeUpdate(HikariProxyPreparedStatement.java)
	at org.hibernate.engine.jdbc.internal.ResultSetReturnImpl.executeUpdate(ResultSetReturnImpl.java:194)
	at org.hibernate.engine.jdbc.mutation.internal.AbstractMutationExecutor.performNonBatchedMutation(AbstractMutationExecutor.java:108)
	at org.hibernate.engine.jdbc.mutation.internal.MutationExecutorSingleNonBatched.performNonBatchedOperations(MutationExecutorSingleNonBatched.java:40)
	at org.hibernate.engine.jdbc.mutation.internal.AbstractMutationExecutor.execute(AbstractMutationExecutor.java:52)
	at org.hibernate.persister.entity.mutation.InsertCoordinator.doStaticInserts(InsertCoordinator.java:175)
	at org.hibernate.persister.entity.mutation.InsertCoordinator.coordinateInsert(InsertCoordinator.java:113)
	at org.hibernate.persister.entity.AbstractEntityPersister.insert(AbstractEntityPersister.java:2873)
	at org.hibernate.action.internal.EntityInsertAction.execute(EntityInsertAction.java:104)
	at org.hibernate.engine.spi.ActionQueue.executeActions(ActionQueue.java:632)
	at org.hibernate.engine.spi.ActionQueue.executeActions(ActionQueue.java:499)
	at org.hibernate.event.internal.AbstractFlushingEventListener.performExecutions(AbstractFlushingEventListener.java:363)
	at org.hibernate.event.internal.DefaultFlushEventListener.onFlush(DefaultFlushEventListener.java:41)
	at org.hibernate.event.service.internal.EventListenerGroupImpl.fireEventOnEachListener(EventListenerGroupImpl.java:127)
	at org.hibernate.internal.SessionImpl.doFlush(SessionImpl.java:1403)
	at org.hibernate.internal.SessionImpl.managedFlush(SessionImpl.java:484)
	at org.hibernate.internal.SessionImpl.flushBeforeTransactionCompletion(SessionImpl.java:2319)
	at org.hibernate.internal.SessionImpl.beforeTransactionCompletion(SessionImpl.java:1976)
	at org.hibernate.engine.jdbc.internal.JdbcCoordinatorImpl.beforeTransactionCompletion(JdbcCoordinatorImpl.java:439)
	at org.hibernate.resource.transaction.backend.jdbc.internal.JdbcResourceLocalTransactionCoordinatorImpl.beforeCompletionCallback(JdbcResourceLocalTransactionCoordinatorImpl.java:169)
	at org.hibernate.resource.transaction.backend.jdbc.internal.JdbcResourceLocalTransactionCoordinatorImpl$TransactionDriverControlImpl.commit(JdbcResourceLocalTransactionCoordinatorImpl.java:267)
	at org.hibernate.engine.transaction.internal.TransactionImpl.commit(TransactionImpl.java:101)
	at org.springframework.orm.jpa.JpaTransactionManager.doCommit(JpaTransactionManager.java:562)
	at org.springframework.transaction.support.AbstractPlatformTransactionManager.processCommit(AbstractPlatformTransactionManager.java:794)
	at org.springframework.transaction.support.AbstractPlatformTransactionManager.commit(AbstractPlatformTransactionManager.java:757)
	at org.springframework.transaction.interceptor.TransactionAspectSupport.commitTransactionAfterReturning(TransactionAspectSupport.java:676)
	at org.springframework.transaction.interceptor.TransactionAspectSupport.invokeWithinTransaction(TransactionAspectSupport.java:426)
	at org.springframework.transaction.interceptor.TransactionInterceptor.invoke(TransactionInterceptor.java:119)
	at org.springframework.aop.framework.ReflectiveMethodInvocation.proceed(ReflectiveMethodInvocation.java:184)
	at org.springframework.dao.support.PersistenceExceptionTranslationInterceptor.invoke(PersistenceExceptionTranslationInterceptor.java:137)
	at org.springframework.aop.framework.ReflectiveMethodInvocation.proceed(ReflectiveMethodInvocation.java:184)
	at org.springframework.data.jpa.repository.support.CrudMethodMetadataPostProcessor$CrudMethodMetadataPopulatingMethodInterceptor.invoke(CrudMethodMetadataPostProcessor.java:164)
	at org.springframework.aop.framework.ReflectiveMethodInvocation.proceed(ReflectiveMethodInvocation.java:184)
	at org.springframework.aop.interceptor.ExposeInvocationInterceptor.invoke(ExposeInvocationInterceptor.java:97)
	at org.springframework.aop.framework.ReflectiveMethodInvocation.proceed(ReflectiveMethodInvocation.java:184)
	at org.springframework.aop.framework.JdkDynamicAopProxy.invoke(JdkDynamicAopProxy.java:223)
	at jdk.proxy2/jdk.proxy2.$Proxy136.save(Unknown Source)
	at com.hexaware.carrentalsystems.service.PaymentServiceImp.addPayment(PaymentServiceImp.java:44)
	at com.hexaware.carrentalsystems.controller.PaymentRestController.addPayment(PaymentRestController.java:29)
	at java.base/jdk.internal.reflect.DirectMethodHandleAccessor.invoke(DirectMethodHandleAccessor.java:103)
	at java.base/java.lang.reflect.Method.invoke(Method.java:580)
	at org.springframework.aop.support.AopUtils.invokeJoinpointUsingReflection(AopUtils.java:354)
	at org.springframework.aop.framework.ReflectiveMethodInvocation.invokeJoinpoint(ReflectiveMethodInvocation.java:196)
	at org.springframework.aop.framework.ReflectiveMethodInvocation.proceed(ReflectiveMethodInvocation.java:163)
	at org.springframework.aop.framework.CglibAopProxy$CglibMethodInvocation.proceed(CglibAopProxy.java:768)
	at org.springframework.security.authorization.method.AuthorizationManagerBeforeMethodInterceptor.invoke(AuthorizationManagerBeforeMethodInterceptor.java:198)
	at org.springframework.aop.framework.ReflectiveMethodInvocation.proceed(ReflectiveMethodInvocation.java:184)
	at org.springframework.aop.framework.CglibAopProxy$CglibMethodInvocation.proceed(CglibAopProxy.java:768)
	at org.springframework.aop.framework.CglibAopProxy$DynamicAdvisedInterceptor.intercept(CglibAopProxy.java:720)
	at com.hexaware.carrentalsystems.controller.PaymentRestController$$SpringCGLIB$$0.addPayment(<generated>)
	at java.base/jdk.internal.reflect.DirectMethodHandleAccessor.invoke(DirectMethodHandleAccessor.java:103)
	at java.base/java.lang.reflect.Method.invoke(Method.java:580)
	at org.springframework.web.method.support.InvocableHandlerMethod.doInvoke(InvocableHandlerMethod.java:255)
	at org.springframework.web.method.support.InvocableHandlerMethod.invokeForRequest(InvocableHandlerMethod.java:188)
	at org.springframework.web.servlet.mvc.method.annotation.ServletInvocableHandlerMethod.invokeAndHandle(ServletInvocableHandlerMethod.java:118)
	at org.springframework.web.servlet.mvc.method.annotation.RequestMappingHandlerAdapter.invokeHandlerMethod(RequestMappingHandlerAdapter.java:926)
	at org.springframework.web.servlet.mvc.method.annotation.RequestMappingHandlerAdapter.handleInternal(RequestMappingHandlerAdapter.java:831)
	at org.springframework.web.servlet.mvc.method.AbstractHandlerMethodAdapter.handle(AbstractHandlerMethodAdapter.java:87)
	at org.springframework.web.servlet.DispatcherServlet.doDispatch(DispatcherServlet.java:1089)
	at org.springframework.web.servlet.DispatcherServlet.doService(DispatcherServlet.java:979)
	at org.springframework.web.servlet.FrameworkServlet.processRequest(FrameworkServlet.java:1014)
	at org.springframework.web.servlet.FrameworkServlet.doPost(FrameworkServlet.java:914)
	at jakarta.servlet.http.HttpServlet.service(HttpServlet.java:590)
	at org.springframework.web.servlet.FrameworkServlet.service(FrameworkServlet.java:885)
	at jakarta.servlet.http.HttpServlet.service(HttpServlet.java:658)
	at org.apache.catalina.core.ApplicationFilterChain.internalDoFilter(ApplicationFilterChain.java:206)
	at org.apache.catalina.core.ApplicationFilterChain.doFilter(ApplicationFilterChain.java:150)
	at org.apache.tomcat.websocket.server.WsFilter.doFilter(WsFilter.java:51)
	at org.apache.catalina.core.ApplicationFilterChain.internalDoFilter(ApplicationFilterChain.java:175)
	at org.apache.catalina.core.ApplicationFilterChain.doFilter(ApplicationFilterChain.java:150)
	at org.springframework.web.filter.OncePerRequestFilter.doFilter(OncePerRequestFilter.java:110)
	at org.apache.catalina.core.ApplicationFilterChain.internalDoFilter(ApplicationFilterChain.java:175)
	at org.apache.catalina.core.ApplicationFilterChain.doFilter(ApplicationFilterChain.java:150)
	at org.springframework.web.filter.CompositeFilter$VirtualFilterChain.doFilter(CompositeFilter.java:108)
	at org.springframework.security.web.FilterChainProxy.lambda$doFilterInternal$3(FilterChainProxy.java:231)
	at org.springframework.security.web.FilterChainProxy$VirtualFilterChain.doFilter(FilterChainProxy.java:365)
	at org.springframework.security.web.access.intercept.AuthorizationFilter.doFilter(AuthorizationFilter.java:100)
	at org.springframework.security.web.FilterChainProxy$VirtualFilterChain.doFilter(FilterChainProxy.java:374)
	at org.springframework.security.web.access.ExceptionTranslationFilter.doFilter(ExceptionTranslationFilter.java:126)
	at org.springframework.security.web.access.ExceptionTranslationFilter.doFilter(ExceptionTranslationFilter.java:120)
	at org.springframework.security.web.FilterChainProxy$VirtualFilterChain.doFilter(FilterChainProxy.java:374)
	at org.springframework.security.web.session.SessionManagementFilter.doFilter(SessionManagementFilter.java:131)
	at org.springframework.security.web.session.SessionManagementFilter.doFilter(SessionManagementFilter.java:85)
	at org.springframework.security.web.FilterChainProxy$VirtualFilterChain.doFilter(FilterChainProxy.java:374)
	at org.springframework.security.web.authentication.AnonymousAuthenticationFilter.doFilter(AnonymousAuthenticationFilter.java:100)
	at org.springframework.security.web.FilterChainProxy$VirtualFilterChain.doFilter(FilterChainProxy.java:374)
	at org.springframework.security.web.servletapi.SecurityContextHolderAwareRequestFilter.doFilter(SecurityContextHolderAwareRequestFilter.java:179)
	at org.springframework.security.web.FilterChainProxy$VirtualFilterChain.doFilter(FilterChainProxy.java:374)
	at org.springframework.security.web.savedrequest.RequestCacheAwareFilter.doFilter(RequestCacheAwareFilter.java:63)
	at org.springframework.security.web.FilterChainProxy$VirtualFilterChain.doFilter(FilterChainProxy.java:374)
	at com.hexaware.carrentalsystems.filter.JwtAuthFilter.doFilterInternal(JwtAuthFilter.java:106)
	at org.springframework.web.filter.OncePerRequestFilter.doFilter(OncePerRequestFilter.java:116)
	at org.springframework.security.web.FilterChainProxy$VirtualFilterChain.doFilter(FilterChainProxy.java:374)
	at org.springframework.security.web.authentication.logout.LogoutFilter.doFilter(LogoutFilter.java:107)
	at org.springframework.security.web.authentication.logout.LogoutFilter.doFilter(LogoutFilter.java:93)
	at org.springframework.security.web.FilterChainProxy$VirtualFilterChain.doFilter(FilterChainProxy.java:374)
	at org.springframework.web.filter.CorsFilter.doFilterInternal(CorsFilter.java:91)
	at org.springframework.web.filter.OncePerRequestFilter.doFilter(OncePerRequestFilter.java:116)
	at org.springframework.security.web.FilterChainProxy$VirtualFilterChain.doFilter(FilterChainProxy.java:374)
	at org.springframework.security.web.header.HeaderWriterFilter.doHeadersAfter(HeaderWriterFilter.java:90)
	at org.springframework.security.web.header.HeaderWriterFilter.doFilterInternal(HeaderWriterFilter.java:75)
	at org.springframework.web.filter.OncePerRequestFilter.doFilter(OncePerRequestFilter.java:116)
	at org.springframework.security.web.FilterChainProxy$VirtualFilterChain.doFilter(FilterChainProxy.java:374)
	at org.springframework.security.web.context.SecurityContextHolderFilter.doFilter(SecurityContextHolderFilter.java:82)
	at org.springframework.security.web.context.SecurityContextHolderFilter.doFilter(SecurityContextHolderFilter.java:69)
	at org.springframework.security.web.FilterChainProxy$VirtualFilterChain.doFilter(FilterChainProxy.java:374)
	at org.springframework.security.web.context.request.async.WebAsyncManagerIntegrationFilter.doFilterInternal(WebAsyncManagerIntegrationFilter.java:62)
	at org.springframework.web.filter.OncePerRequestFilter.doFilter(OncePerRequestFilter.java:116)
	at org.springframework.security.web.FilterChainProxy$VirtualFilterChain.doFilter(FilterChainProxy.java:374)
	at org.springframework.security.web.session.DisableEncodeUrlFilter.doFilterInternal(DisableEncodeUrlFilter.java:42)
	at org.springframework.web.filter.OncePerRequestFilter.doFilter(OncePerRequestFilter.java:116)
	at org.springframework.security.web.FilterChainProxy$VirtualFilterChain.doFilter(FilterChainProxy.java:374)
	at org.springframework.security.web.FilterChainProxy.doFilterInternal(FilterChainProxy.java:233)
	at org.springframework.security.web.FilterChainProxy.doFilter(FilterChainProxy.java:191)
	at org.springframework.web.filter.CompositeFilter$VirtualFilterChain.doFilter(CompositeFilter.java:113)
	at org.springframework.web.servlet.handler.HandlerMappingIntrospector.lambda$createCacheFilter$3(HandlerMappingIntrospector.java:195)
	at org.springframework.web.filter.CompositeFilter$VirtualFilterChain.doFilter(CompositeFilter.java:113)
	at org.springframework.web.filter.CompositeFilter.doFilter(CompositeFilter.java:74)
	at org.springframework.security.config.annotation.web.configuration.WebMvcSecurityConfiguration$CompositeFilterChainProxy.doFilter(WebMvcSecurityConfiguration.java:230)
	at org.springframework.web.filter.DelegatingFilterProxy.invokeDelegate(DelegatingFilterProxy.java:352)
	at org.springframework.web.filter.DelegatingFilterProxy.doFilter(DelegatingFilterProxy.java:268)
	at org.apache.catalina.core.ApplicationFilterChain.internalDoFilter(ApplicationFilterChain.java:175)
	at org.apache.catalina.core.ApplicationFilterChain.doFilter(ApplicationFilterChain.java:150)
	at org.springframework.web.filter.RequestContextFilter.doFilterInternal(RequestContextFilter.java:100)
	at org.springframework.web.filter.OncePerRequestFilter.doFilter(OncePerRequestFilter.java:116)
	at org.apache.catalina.core.ApplicationFilterChain.internalDoFilter(ApplicationFilterChain.java:175)
	at org.apache.catalina.core.ApplicationFilterChain.doFilter(ApplicationFilterChain.java:150)
	at org.springframework.web.filter.FormContentFilter.doFilterInternal(FormContentFilter.java:93)
	at org.springframework.web.filter.OncePerRequestFilter.doFilter(OncePerRequestFilter.java:116)
	at org.apache.catalina.core.ApplicationFilterChain.internalDoFilter(ApplicationFilterChain.java:175)
	at org.apache.catalina.core.ApplicationFilterChain.doFilter(ApplicationFilterChain.java:150)
	at org.springframework.web.filter.CharacterEncodingFilter.doFilterInternal(CharacterEncodingFilter.java:201)
	at org.springframework.web.filter.OncePerRequestFilter.doFilter(OncePerRequestFilter.java:116)
	at org.apache.catalina.core.ApplicationFilterChain.internalDoFilter(ApplicationFilterChain.java:175)
	at org.apache.catalina.core.ApplicationFilterChain.doFilter(ApplicationFilterChain.java:150)
	at org.apache.catalina.core.StandardWrapperValve.invoke(StandardWrapperValve.java:167)
	at org.apache.catalina.core.StandardContextValve.invoke(StandardContextValve.java:90)
	at org.apache.catalina.authenticator.AuthenticatorBase.invoke(AuthenticatorBase.java:482)
	at org.apache.catalina.core.StandardHostValve.invoke(StandardHostValve.java:115)
	at org.apache.catalina.valves.ErrorReportValve.invoke(ErrorReportValve.java:93)
	at org.apache.catalina.core.StandardEngineValve.invoke(StandardEngineValve.java:74)
	at org.apache.catalina.connector.CoyoteAdapter.service(CoyoteAdapter.java:344)
	at org.apache.coyote.http11.Http11Processor.service(Http11Processor.java:391)
	at org.apache.coyote.AbstractProcessorLight.process(AbstractProcessorLight.java:63)
	at org.apache.coyote.AbstractProtocol$ConnectionHandler.process(AbstractProtocol.java:896)
	at org.apache.tomcat.util.net.NioEndpoint$SocketProcessor.doRun(NioEndpoint.java:1736)
	at org.apache.tomcat.util.net.SocketProcessorBase.run(SocketProcessorBase.java:52)
	at org.apache.tomcat.util.threads.ThreadPoolExecutor.runWorker(ThreadPoolExecutor.java:1191)
	at org.apache.tomcat.util.threads.ThreadPoolExecutor$Worker.run(ThreadPoolExecutor.java:659)
	at org.apache.tomcat.util.threads.TaskThread$WrappingRunnable.run(TaskThread.java:63)
	at java.base/java.lang.Thread.run(Thread.java:1583)
[34m2025-09-08 15:36:37.145[0;39m [INFO] com.hexaware.carrentalsystems.controller.PaymentRestController [http-nio-8080-exec-8] Received request to add payment: PaymentDto(paymentId=5, reservationId=5, amount=1800.0, method=CARD, status=SUCCESS)
[34m2025-09-08 15:36:37.146[0;39m [INFO] com.hexaware.carrentalsystems.service.PaymentServiceImp [http-nio-8080-exec-8] Adding new payment: PaymentDto(paymentId=5, reservationId=5, amount=1800.0, method=CARD, status=SUCCESS)
[34m2025-09-08 15:37:08.447[0;39m [INFO] com.hexaware.carrentalsystems.controller.AuthController [http-nio-8080-exec-6] Generated Token: eyJhbGciOiJIUzI1NiJ9.eyJzdWIiOiJoYXJwZXJAZ21haWwuY29tIiwiaWF0IjoxNzU3MzI2MDI4LCJleHAiOjE3NTc0MTI0Mjh9.60LPF_6yj0HcJfGhKeF2h1v6UbHb9DDFs2cVpPBZt7o
[34m2025-09-08 15:37:08.486[0;39m [INFO] com.hexaware.carrentalsystems.controller.UserRestController [http-nio-8080-exec-8] Received request to fetch user by email: harper@gmail.com
[34m2025-09-08 15:37:08.486[0;39m [INFO] com.hexaware.carrentalsystems.service.UserServiceImp [http-nio-8080-exec-8] Fetching user by email: harper@gmail.com
[34m2025-09-08 15:37:08.529[0;39m [INFO] com.hexaware.carrentalsystems.controller.UserRestController [http-nio-8080-exec-9] Received request to fetch user by email: harper@gmail.com
[34m2025-09-08 15:37:08.529[0;39m [INFO] com.hexaware.carrentalsystems.service.UserServiceImp [http-nio-8080-exec-9] Fetching user by email: harper@gmail.com
[34m2025-09-08 15:37:08.637[0;39m [INFO] com.hexaware.carrentalsystems.controller.CarRestController [http-nio-8080-exec-4] Fetching all cars
[34m2025-09-08 15:37:08.637[0;39m [INFO] com.hexaware.carrentalsystems.service.CarServiceImp [http-nio-8080-exec-4] Fetching all cars
[34m2025-09-08 15:37:08.643[0;39m [INFO] com.hexaware.carrentalsystems.controller.PaymentRestController [http-nio-8080-exec-7] Received request to fetch all payments
[34m2025-09-08 15:37:08.643[0;39m [INFO] com.hexaware.carrentalsystems.service.PaymentServiceImp [http-nio-8080-exec-7] Fetching all payments
[34m2025-09-08 15:37:08.646[0;39m [INFO] com.hexaware.carrentalsystems.controller.UserRestController [http-nio-8080-exec-6] Received request to fetch all users
[34m2025-09-08 15:37:08.646[0;39m [INFO] com.hexaware.carrentalsystems.service.UserServiceImp [http-nio-8080-exec-6] Fetching all users
[34m2025-09-08 15:37:08.662[0;39m [INFO] com.hexaware.carrentalsystems.controller.ReservationRestController [http-nio-8080-exec-5] Received request to fetch all reservations
[34m2025-09-08 15:37:08.662[0;39m [INFO] com.hexaware.carrentalsystems.service.ReservationServiceImp [http-nio-8080-exec-5] Fetching all reservations
[34m2025-09-08 15:37:32.679[0;39m [INFO] com.hexaware.carrentalsystems.controller.UserRestController [http-nio-8080-exec-1] Received request to fetch user by email: harper@gmail.com
[34m2025-09-08 15:37:32.680[0;39m [INFO] com.hexaware.carrentalsystems.service.UserServiceImp [http-nio-8080-exec-1] Fetching user by email: harper@gmail.com
[34m2025-09-08 15:37:37.375[0;39m [INFO] com.hexaware.carrentalsystems.controller.CarRestController [http-nio-8080-exec-6] Fetching all cars
[34m2025-09-08 15:37:37.375[0;39m [INFO] com.hexaware.carrentalsystems.service.CarServiceImp [http-nio-8080-exec-6] Fetching all cars
[34m2025-09-08 15:37:38.290[0;39m [INFO] com.hexaware.carrentalsystems.controller.CarRestController [http-nio-8080-exec-4] Fetching all cars
[34m2025-09-08 15:37:38.290[0;39m [INFO] com.hexaware.carrentalsystems.service.CarServiceImp [http-nio-8080-exec-4] Fetching all cars
[34m2025-09-08 15:37:40.157[0;39m [INFO] com.hexaware.carrentalsystems.controller.CarRestController [http-nio-8080-exec-5] Fetching all cars
[34m2025-09-08 15:37:40.158[0;39m [INFO] com.hexaware.carrentalsystems.service.CarServiceImp [http-nio-8080-exec-5] Fetching all cars
[34m2025-09-08 15:37:46.801[0;39m [INFO] com.hexaware.carrentalsystems.controller.AuthController [http-nio-8080-exec-9] Generated Token: eyJhbGciOiJIUzI1NiJ9.eyJzdWIiOiJqYWFuQGdtYWlsLmNvbSIsImlhdCI6MTc1NzMyNjA2NiwiZXhwIjoxNzU3NDEyNDY2fQ.CxAQebIMYnDS4BMTzjK8I9MY7Ab1D29k_ddsuF-rDVQ
[34m2025-09-08 15:37:46.827[0;39m [INFO] com.hexaware.carrentalsystems.controller.UserRestController [http-nio-8080-exec-2] Received request to fetch user by email: jaan@gmail.com
[34m2025-09-08 15:37:46.827[0;39m [INFO] com.hexaware.carrentalsystems.service.UserServiceImp [http-nio-8080-exec-2] Fetching user by email: jaan@gmail.com
[34m2025-09-08 15:37:46.855[0;39m [INFO] com.hexaware.carrentalsystems.controller.UserRestController [http-nio-8080-exec-3] Received request to fetch user by email: jaan@gmail.com
[34m2025-09-08 15:37:46.855[0;39m [INFO] com.hexaware.carrentalsystems.service.UserServiceImp [http-nio-8080-exec-3] Fetching user by email: jaan@gmail.com
[34m2025-09-08 15:37:50.862[0;39m [INFO] com.hexaware.carrentalsystems.controller.FeedbackRestController [http-nio-8080-exec-7] Received request to fetch all feedback
[34m2025-09-08 15:37:50.863[0;39m [INFO] com.hexaware.carrentalsystems.service.FeedbackServiceImp [http-nio-8080-exec-7] Fetching all feedback records
[34m2025-09-08 15:38:00.604[0;39m [INFO] com.hexaware.carrentalsystems.controller.CarRestController [http-nio-8080-exec-4] Fetching all cars
[34m2025-09-08 15:38:00.604[0;39m [INFO] com.hexaware.carrentalsystems.service.CarServiceImp [http-nio-8080-exec-4] Fetching all cars
[34m2025-09-08 15:39:50.301[0;39m [INFO] com.hexaware.carrentalsystems.controller.CarRestController [http-nio-8080-exec-9] Fetching all cars
[34m2025-09-08 15:39:50.303[0;39m [INFO] com.hexaware.carrentalsystems.service.CarServiceImp [http-nio-8080-exec-9] Fetching all cars
[34m2025-09-08 15:39:58.297[0;39m [INFO] com.hexaware.carrentalsystems.controller.UserRestController [http-nio-8080-exec-2] Received request to fetch user by email: jaan@gmail.com
[34m2025-09-08 15:39:58.298[0;39m [INFO] com.hexaware.carrentalsystems.service.UserServiceImp [http-nio-8080-exec-2] Fetching user by email: jaan@gmail.com
[34m2025-09-08 15:41:07.897[0;39m [INFO] com.hexaware.carrentalsystems.controller.AuthController [http-nio-8080-exec-7] User registered successfully: ryle@gmail.com
[34m2025-09-08 15:41:57.010[0;39m [INFO] com.hexaware.carrentalsystems.controller.AuthController [http-nio-8080-exec-10] Generated Token: eyJhbGciOiJIUzI1NiJ9.eyJzdWIiOiJyeWxlQGdtYWlsLmNvbSIsImlhdCI6MTc1NzMyNjMxNywiZXhwIjoxNzU3NDEyNzE3fQ.xfWuLM9IDnJ9K3MMHAIUlqO_HyU48ZclWMXI4Q6FZm8
[34m2025-09-08 15:41:57.036[0;39m [INFO] com.hexaware.carrentalsystems.controller.UserRestController [http-nio-8080-exec-8] Received request to fetch user by email: ryle@gmail.com
[34m2025-09-08 15:41:57.036[0;39m [INFO] com.hexaware.carrentalsystems.service.UserServiceImp [http-nio-8080-exec-8] Fetching user by email: ryle@gmail.com
[34m2025-09-08 15:41:57.056[0;39m [INFO] com.hexaware.carrentalsystems.controller.UserRestController [http-nio-8080-exec-2] Received request to fetch user by email: ryle@gmail.com
[34m2025-09-08 15:41:57.056[0;39m [INFO] com.hexaware.carrentalsystems.service.UserServiceImp [http-nio-8080-exec-2] Fetching user by email: ryle@gmail.com
[34m2025-09-08 15:42:18.677[0;39m [INFO] com.hexaware.carrentalsystems.controller.AuthController [http-nio-8080-exec-6] Generated Token: eyJhbGciOiJIUzI1NiJ9.eyJzdWIiOiJqYWFuQGdtYWlsLmNvbSIsImlhdCI6MTc1NzMyNjMzOCwiZXhwIjoxNzU3NDEyNzM4fQ.y3PDlWWP7D4wT-WoB9Q54ZGoUtJCres0QObMwum047k
[34m2025-09-08 15:42:18.700[0;39m [INFO] com.hexaware.carrentalsystems.controller.UserRestController [http-nio-8080-exec-5] Received request to fetch user by email: jaan@gmail.com
[34m2025-09-08 15:42:18.701[0;39m [INFO] com.hexaware.carrentalsystems.service.UserServiceImp [http-nio-8080-exec-5] Fetching user by email: jaan@gmail.com
[34m2025-09-08 15:42:18.732[0;39m [INFO] com.hexaware.carrentalsystems.controller.UserRestController [http-nio-8080-exec-10] Received request to fetch user by email: jaan@gmail.com
[34m2025-09-08 15:42:18.732[0;39m [INFO] com.hexaware.carrentalsystems.service.UserServiceImp [http-nio-8080-exec-10] Fetching user by email: jaan@gmail.com
[34m2025-09-08 15:44:18.169[0;39m [INFO] org.springframework.boot.admin.SpringApplicationAdminMXBeanRegistrar$SpringApplicationAdmin [RMI TCP Connection(54)-127.0.0.1] Application shutdown requested.
[34m2025-09-08 15:44:18.189[0;39m [INFO] org.springframework.orm.jpa.LocalContainerEntityManagerFactoryBean [RMI TCP Connection(54)-127.0.0.1] Closing JPA EntityManagerFactory for persistence unit 'default'
[34m2025-09-08 15:44:18.194[0;39m [INFO] com.zaxxer.hikari.HikariDataSource [RMI TCP Connection(54)-127.0.0.1] HikariPool-1 - Shutdown initiated...
[34m2025-09-08 15:44:18.206[0;39m [INFO] com.zaxxer.hikari.HikariDataSource [RMI TCP Connection(54)-127.0.0.1] HikariPool-1 - Shutdown completed.
